<?xml version="1.0" encoding="UTF-8"?>
<!-- Generated by org.testng.reporters.JUnitReportReporter -->
<testsuite hostname="DESKTOP-9HU6DH7" failures="0" tests="1" name="scripts.OpeningLoginpage" time="3.136" errors="0" timestamp="2023-04-11T04:17:44 IST" skipped="0">
  <testcase classname="scripts.OpeningLoginpage" name="openloginpage" time="3.136"/>
  <system-out>
    <![CDATA[Title matched.]]>
  </system-out>
</testsuite> <!-- scripts.OpeningLoginpage -->
